<?xml version="1.0" encoding="UTF-8"?>
<!-- Generated by org.testng.reporters.JUnitReportReporter -->
<testsuite skipped="0" hostname="Mavis" name="ApiExampleProjectTestRunner" tests="6" failures="0" timestamp="01 oct 2020 04:50:36 GMT" time="3.332" errors="0">
  <testcase name="runScenario" time="0.246" classname="ApiExampleProjectTestRunner"/>
  <testcase name="runScenario" time="0.226" classname="ApiExampleProjectTestRunner"/>
  <testcase name="runScenario" time="0.277" classname="ApiExampleProjectTestRunner"/>
  <testcase name="runScenario" time="0.238" classname="ApiExampleProjectTestRunner"/>
  <testcase name="runScenario" time="2.110" classname="ApiExampleProjectTestRunner"/>
  <testcase name="runScenario" time="0.235" classname="ApiExampleProjectTestRunner"/>
</testsuite> <!-- ApiExampleProjectTestRunner -->
