<?xml version="1.0" encoding="UTF-8"?>
<!-- Generated by org.testng.reporters.JUnitReportReporter -->
<testsuite skipped="0" hostname="DESKTOP-6HF7KSC" name="ApiExampleProjectTestRunner" tests="3" failures="0" timestamp="28 sep 2020 20:40:19 GMT" time="1.811" errors="0">
  <testcase name="runScenario" time="0.194" classname="ApiExampleProjectTestRunner"/>
  <testcase name="runScenario" time="0.203" classname="ApiExampleProjectTestRunner"/>
  <testcase name="runScenario" time="1.414" classname="ApiExampleProjectTestRunner"/>
</testsuite> <!-- ApiExampleProjectTestRunner -->
