<?xml version="1.0" encoding="UTF-8"?>
<!-- Generated by org.testng.reporters.JUnitReportReporter -->
<testsuite skipped="0" hostname="NTBK-CME-80" name="ApiExampleProjectTestRunner" tests="1" failures="0" timestamp="30 sep 2020 22:33:48 GMT" time="1.852" errors="0">
  <testcase name="runScenario" time="1.852" classname="ApiExampleProjectTestRunner"/>
</testsuite> <!-- ApiExampleProjectTestRunner -->
