<?xml version="1.0" encoding="UTF-8"?>
<!-- Generated by org.testng.reporters.JUnitReportReporter -->
<testsuite skipped="0" hostname="DESKTOP-B6T78MV" name="ApiExampleProjectTestRunner" tests="1" failures="0" timestamp="01 oct 2020 14:26:54 GMT" time="2.359" errors="0">
  <testcase name="runScenario" time="2.359" classname="ApiExampleProjectTestRunner"/>
</testsuite> <!-- ApiExampleProjectTestRunner -->
