<?xml version="1.0" encoding="UTF-8"?>
<!-- Generated by org.testng.reporters.JUnitReportReporter -->
<testsuite skipped="0" hostname="Mavis" name="ApiExampleProjectTestRunner" tests="6" failures="0" timestamp="01 oct 2020 02:49:31 GMT" time="4.143" errors="0">
  <testcase name="runScenario" time="0.238" classname="ApiExampleProjectTestRunner"/>
  <testcase name="runScenario" time="0.239" classname="ApiExampleProjectTestRunner"/>
  <testcase name="runScenario" time="0.193" classname="ApiExampleProjectTestRunner"/>
  <testcase name="runScenario" time="3.048" classname="ApiExampleProjectTestRunner"/>
  <testcase name="runScenario" time="0.204" classname="ApiExampleProjectTestRunner"/>
  <testcase name="runScenario" time="0.221" classname="ApiExampleProjectTestRunner"/>
</testsuite> <!-- ApiExampleProjectTestRunner -->
