<?xml version="1.0" encoding="UTF-8"?>
<!-- Generated by org.testng.reporters.JUnitReportReporter -->
<testsuite skipped="0" hostname="DESKTOP-362JVOS" name="ApiExampleProjectTestRunner" tests="3" failures="0" timestamp="30 sep 2020 18:29:28 GMT" time="3.095" errors="0">
  <testcase name="runScenario" time="2.540" classname="ApiExampleProjectTestRunner"/>
  <testcase name="runScenario" time="0.259" classname="ApiExampleProjectTestRunner"/>
  <testcase name="runScenario" time="0.296" classname="ApiExampleProjectTestRunner"/>
</testsuite> <!-- ApiExampleProjectTestRunner -->
