<?xml version="1.0" encoding="UTF-8"?>
<!-- Generated by org.testng.reporters.JUnitReportReporter -->
<testsuite hostname="NOT-Gonzalo" failures="0" tests="2" name="ApiExampleProjectTestRunner" time="2.544" errors="0" timestamp="28 sep. 2020 01:00:14 GMT" skipped="0">
  <testcase classname="ApiExampleProjectTestRunner" name="runScenario" time="0.312"/>
  <testcase classname="ApiExampleProjectTestRunner" name="runScenario" time="2.232"/>
</testsuite> <!-- ApiExampleProjectTestRunner -->
