<?xml version="1.0" encoding="UTF-8"?>
<!-- Generated by org.testng.reporters.JUnitReportReporter -->
<testsuite skipped="0" hostname="DESKTOP-B6T78MV" name="ApiExampleProjectParalellTestRunner" tests="5" failures="0" timestamp="01 oct 2020 14:23:09 GMT" time="15.495" errors="0">
  <testcase name="runScenario" time="2.702" classname="ApiExampleProjectParalellTestRunner"/>
  <testcase name="runScenario" time="3.108" classname="ApiExampleProjectParalellTestRunner"/>
  <testcase name="runScenario" time="3.202" classname="ApiExampleProjectParalellTestRunner"/>
  <testcase name="runScenario" time="3.265" classname="ApiExampleProjectParalellTestRunner"/>
  <testcase name="runScenario" time="3.218" classname="ApiExampleProjectParalellTestRunner"/>
</testsuite> <!-- ApiExampleProjectParalellTestRunner -->
