<?xml version="1.0" encoding="UTF-8"?>
<!-- Generated by org.testng.reporters.JUnitReportReporter -->
<testsuite hostname="NOT-Gonzalo" failures="0" tests="2" name="ApiExampleProjectTestRunner" time="2.619" errors="0" timestamp="01 oct. 2020 03:11:36 GMT" skipped="0">
  <testcase classname="ApiExampleProjectTestRunner" name="runScenario" time="0.272"/>
  <testcase classname="ApiExampleProjectTestRunner" name="runScenario" time="2.347"/>
</testsuite> <!-- ApiExampleProjectTestRunner -->
