<?xml version="1.0" encoding="UTF-8"?>
<!-- Generated by org.testng.reporters.JUnitReportReporter -->
<testsuite skipped="0" hostname="Mavis" name="ApiExampleProjectTestRunner" tests="6" failures="0" timestamp="01 oct 2020 04:45:12 GMT" time="3.225" errors="0">
  <testcase name="runScenario" time="0.238" classname="ApiExampleProjectTestRunner"/>
  <testcase name="runScenario" time="0.210" classname="ApiExampleProjectTestRunner"/>
  <testcase name="runScenario" time="0.217" classname="ApiExampleProjectTestRunner"/>
  <testcase name="runScenario" time="0.239" classname="ApiExampleProjectTestRunner"/>
  <testcase name="runScenario" time="0.237" classname="ApiExampleProjectTestRunner"/>
  <testcase name="runScenario" time="2.084" classname="ApiExampleProjectTestRunner"/>
</testsuite> <!-- ApiExampleProjectTestRunner -->
